
================================================================================
执行时间: 2025-12-13 11:28:43
================================================================================
========================================
数据库结构同步工具（Schema 热更新模式）
========================================

加载 Schema 文件: /var/www/database/schema.json
Schema 版本: 1.0.0

✓ 数据库结构已是最新版本，无需更新


================================================================================
执行时间: 2025-12-13 11:28:55
================================================================================
========================================
数据库结构同步工具（Schema 热更新模式）
========================================

加载 Schema 文件: /var/www/database/schema.json
Schema 版本: 1.0.0

✓ 数据库结构已是最新版本，无需更新


================================================================================
执行时间: 2025-12-13 11:29:05
================================================================================
========================================
数据库结构同步工具（Schema 热更新模式）
[预览模式 - 不会实际执行 SQL]
========================================

加载 Schema 文件: /var/www/database/schema.json
Schema 版本: 1.0.0

✓ 数据库结构已是最新版本，无需更新

